2020-01-23 16:53:30,341 [Worker-3: Loading available Gradle versions] INFO  o.e.b.c.i.u.g.PublishedGradleVersions - Gradle version information cache is out-of-date. Trying to update.
2020-01-23 16:54:14,036 [Worker-3: Auto share git projects] ERROR org.eclipse.jgit.util.SystemReader - Creating XDG_CONFIG_HOME directory Z:\.config failed
java.nio.file.FileSystemException: Z:\.config: Unable to determine if root directory exists
	at java.nio.file.Files.createDirectories(Unknown Source) ~[na:1.8.0_221]
	at org.eclipse.jgit.util.SystemReader$Default.getXDGConfigHome(SystemReader.java:153) [org.eclipse.jgit_5.6.0.201912101111-r.jar:5.6.0.201912101111-r]
	at org.eclipse.jgit.util.SystemReader$Default.openJGitConfig(SystemReader.java:164) [org.eclipse.jgit_5.6.0.201912101111-r.jar:5.6.0.201912101111-r]
	at org.eclipse.jgit.util.SystemReader.getJGitConfig(SystemReader.java:381) [org.eclipse.jgit_5.6.0.201912101111-r.jar:5.6.0.201912101111-r]
	at org.eclipse.jgit.util.SystemReader.getSystemConfig(SystemReader.java:406) [org.eclipse.jgit_5.6.0.201912101111-r.jar:5.6.0.201912101111-r]
	at org.eclipse.jgit.util.SystemReader.getUserConfig(SystemReader.java:354) [org.eclipse.jgit_5.6.0.201912101111-r.jar:5.6.0.201912101111-r]
	at org.eclipse.egit.core.Activator$EclipseSystemReader.getUserConfig(Activator.java:1177) [org.eclipse.egit.core_5.6.0.201912101111-r.jar:na]
	at org.eclipse.jgit.internal.storage.file.FileRepository.<init>(FileRepository.java:191) [org.eclipse.jgit_5.6.0.201912101111-r.jar:5.6.0.201912101111-r]
	at org.eclipse.egit.core.CachingRepository.<init>(CachingRepository.java:40) [org.eclipse.egit.core_5.6.0.201912101111-r.jar:na]
	at org.eclipse.egit.core.RepositoryCache$Builder.createRepository(RepositoryCache.java:211) [org.eclipse.egit.core_5.6.0.201912101111-r.jar:na]
	at org.eclipse.egit.core.RepositoryCache.lookupRepository(RepositoryCache.java:142) [org.eclipse.egit.core_5.6.0.201912101111-r.jar:na]
	at org.eclipse.egit.core.project.GitProjectData.map(GitProjectData.java:692) [org.eclipse.egit.core_5.6.0.201912101111-r.jar:na]
	at org.eclipse.egit.core.project.GitProjectData.remapAll(GitProjectData.java:650) [org.eclipse.egit.core_5.6.0.201912101111-r.jar:na]
	at org.eclipse.egit.core.project.GitProjectData.setRepositoryMappings(GitProjectData.java:464) [org.eclipse.egit.core_5.6.0.201912101111-r.jar:na]
	at org.eclipse.egit.core.op.ConnectProviderOperation.connectProject(ConnectProviderOperation.java:153) [org.eclipse.egit.core_5.6.0.201912101111-r.jar:na]
	at org.eclipse.egit.core.op.ConnectProviderOperation.execute(ConnectProviderOperation.java:111) [org.eclipse.egit.core_5.6.0.201912101111-r.jar:na]
	at org.eclipse.egit.core.internal.job.JobUtil$1.run(JobUtil.java:55) [org.eclipse.egit.core_5.6.0.201912101111-r.jar:na]
	at org.eclipse.core.internal.jobs.Worker.run(Worker.java:63) [org.eclipse.core.jobs_3.10.600.v20191122-2104.jar:na]
2020-01-23 16:54:19,163 [ForkJoinPool.commonPool-worker-1] ERROR org.eclipse.jgit.util.FS - Cannot save config file 'FileBasedConfig[Z:\.jgitconfig]'
java.io.IOException: Creating directories for Z:\ failed
	at org.eclipse.jgit.util.FileUtils.mkdirs(FileUtils.java:428) ~[org.eclipse.jgit_5.6.0.201912101111-r.jar:5.6.0.201912101111-r]
	at org.eclipse.jgit.internal.storage.file.LockFile.lock(LockFile.java:163) ~[org.eclipse.jgit_5.6.0.201912101111-r.jar:5.6.0.201912101111-r]
	at org.eclipse.jgit.storage.file.FileBasedConfig.save(FileBasedConfig.java:252) ~[org.eclipse.jgit_5.6.0.201912101111-r.jar:5.6.0.201912101111-r]
	at org.eclipse.jgit.util.FS$FileStoreAttributes.saveToConfig(FS.java:586) [org.eclipse.jgit_5.6.0.201912101111-r.jar:5.6.0.201912101111-r]
	at org.eclipse.jgit.util.FS$FileStoreAttributes.lambda$0(FS.java:367) [org.eclipse.jgit_5.6.0.201912101111-r.jar:5.6.0.201912101111-r]
	at java.util.concurrent.CompletableFuture$AsyncSupply.run(Unknown Source) ~[na:1.8.0_221]
	at java.util.concurrent.CompletableFuture$AsyncSupply.exec(Unknown Source) ~[na:1.8.0_221]
	at java.util.concurrent.ForkJoinTask.doExec(Unknown Source) ~[na:1.8.0_221]
	at java.util.concurrent.ForkJoinPool$WorkQueue.runTask(Unknown Source) ~[na:1.8.0_221]
	at java.util.concurrent.ForkJoinPool.runWorker(Unknown Source) ~[na:1.8.0_221]
	at java.util.concurrent.ForkJoinWorkerThread.run(Unknown Source) ~[na:1.8.0_221]
2020-01-26 17:08:36,989 [Worker-0: Loading available Gradle versions] INFO  o.e.b.c.i.u.g.PublishedGradleVersions - Gradle version information cache is out-of-date. Trying to update.
2020-01-26 17:08:43,212 [Worker-3: Decoration Calculation] ERROR org.eclipse.jgit.util.SystemReader - Creating XDG_CONFIG_HOME directory Z:\.config failed
java.nio.file.FileSystemException: Z:\.config: Unable to determine if root directory exists
	at java.nio.file.Files.createDirectories(Unknown Source) ~[na:1.8.0_221]
	at org.eclipse.jgit.util.SystemReader$Default.getXDGConfigHome(SystemReader.java:153) [org.eclipse.jgit_5.6.0.201912101111-r.jar:5.6.0.201912101111-r]
	at org.eclipse.jgit.util.SystemReader$Default.openJGitConfig(SystemReader.java:164) [org.eclipse.jgit_5.6.0.201912101111-r.jar:5.6.0.201912101111-r]
	at org.eclipse.jgit.util.SystemReader.getJGitConfig(SystemReader.java:381) [org.eclipse.jgit_5.6.0.201912101111-r.jar:5.6.0.201912101111-r]
	at org.eclipse.jgit.util.SystemReader.getSystemConfig(SystemReader.java:406) [org.eclipse.jgit_5.6.0.201912101111-r.jar:5.6.0.201912101111-r]
	at org.eclipse.jgit.util.SystemReader.getUserConfig(SystemReader.java:354) [org.eclipse.jgit_5.6.0.201912101111-r.jar:5.6.0.201912101111-r]
	at org.eclipse.egit.core.Activator$EclipseSystemReader.getUserConfig(Activator.java:1177) [org.eclipse.egit.core_5.6.0.201912101111-r.jar:na]
	at org.eclipse.jgit.internal.storage.file.FileRepository.<init>(FileRepository.java:191) [org.eclipse.jgit_5.6.0.201912101111-r.jar:5.6.0.201912101111-r]
	at org.eclipse.egit.core.CachingRepository.<init>(CachingRepository.java:40) [org.eclipse.egit.core_5.6.0.201912101111-r.jar:na]
	at org.eclipse.egit.core.RepositoryCache$Builder.createRepository(RepositoryCache.java:211) [org.eclipse.egit.core_5.6.0.201912101111-r.jar:na]
	at org.eclipse.egit.core.RepositoryCache.lookupRepository(RepositoryCache.java:142) [org.eclipse.egit.core_5.6.0.201912101111-r.jar:na]
	at org.eclipse.egit.core.project.GitProjectData.map(GitProjectData.java:692) [org.eclipse.egit.core_5.6.0.201912101111-r.jar:na]
	at org.eclipse.egit.core.project.GitProjectData.remapAll(GitProjectData.java:650) [org.eclipse.egit.core_5.6.0.201912101111-r.jar:na]
	at org.eclipse.egit.core.project.GitProjectData.load(GitProjectData.java:633) [org.eclipse.egit.core_5.6.0.201912101111-r.jar:na]
	at org.eclipse.egit.core.project.GitProjectData.get(GitProjectData.java:219) [org.eclipse.egit.core_5.6.0.201912101111-r.jar:na]
	at org.eclipse.egit.core.project.RepositoryMapping.getProjectData(RepositoryMapping.java:335) [org.eclipse.egit.core_5.6.0.201912101111-r.jar:na]
	at org.eclipse.egit.core.project.RepositoryMapping.findMapping(RepositoryMapping.java:356) [org.eclipse.egit.core_5.6.0.201912101111-r.jar:na]
	at org.eclipse.egit.core.project.RepositoryMapping.getMapping(RepositoryMapping.java:296) [org.eclipse.egit.core_5.6.0.201912101111-r.jar:na]
	at org.eclipse.egit.core.internal.util.ResourceUtil.getRepository(ResourceUtil.java:709) [org.eclipse.egit.core_5.6.0.201912101111-r.jar:na]
	at org.eclipse.egit.ui.internal.resources.ResourceStateFactory.getIndexDiffDataOrNull(ResourceStateFactory.java:103) [org.eclipse.egit.ui_5.6.0.201912101111-r.jar:na]
	at org.eclipse.egit.ui.internal.decorators.GitLightweightDecorator.decorateResource(GitLightweightDecorator.java:223) [org.eclipse.egit.ui_5.6.0.201912101111-r.jar:na]
	at org.eclipse.egit.ui.internal.decorators.GitLightweightDecorator.decorate(GitLightweightDecorator.java:201) [org.eclipse.egit.ui_5.6.0.201912101111-r.jar:na]
	at org.eclipse.ui.internal.decorators.LightweightDecoratorDefinition.decorate(LightweightDecoratorDefinition.java:247) [org.eclipse.ui.workbench_3.117.0.v20191126-1131.jar:na]
	at org.eclipse.ui.internal.decorators.LightweightDecoratorManager$LightweightRunnable.run(LightweightDecoratorManager.java:105) [org.eclipse.ui.workbench_3.117.0.v20191126-1131.jar:na]
	at org.eclipse.core.runtime.SafeRunner.run(SafeRunner.java:45) [org.eclipse.equinox.common_3.10.600.v20191004-1420.jar:na]
	at org.eclipse.ui.internal.decorators.LightweightDecoratorManager.decorate(LightweightDecoratorManager.java:360) [org.eclipse.ui.workbench_3.117.0.v20191126-1131.jar:na]
	at org.eclipse.ui.internal.decorators.LightweightDecoratorManager.getDecorations(LightweightDecoratorManager.java:346) [org.eclipse.ui.workbench_3.117.0.v20191126-1131.jar:na]
	at org.eclipse.ui.internal.decorators.DecorationScheduler$1.ensureResultCached(DecorationScheduler.java:386) [org.eclipse.ui.workbench_3.117.0.v20191126-1131.jar:na]
	at org.eclipse.ui.internal.decorators.DecorationScheduler$1.run(DecorationScheduler.java:362) [org.eclipse.ui.workbench_3.117.0.v20191126-1131.jar:na]
	at org.eclipse.core.internal.jobs.Worker.run(Worker.java:63) [org.eclipse.core.jobs_3.10.600.v20191122-2104.jar:na]
2020-01-26 17:08:47,609 [ForkJoinPool.commonPool-worker-1] ERROR org.eclipse.jgit.util.FS - Cannot save config file 'FileBasedConfig[Z:\.jgitconfig]'
java.io.IOException: Creating directories for Z:\ failed
	at org.eclipse.jgit.util.FileUtils.mkdirs(FileUtils.java:428) ~[org.eclipse.jgit_5.6.0.201912101111-r.jar:5.6.0.201912101111-r]
	at org.eclipse.jgit.internal.storage.file.LockFile.lock(LockFile.java:163) ~[org.eclipse.jgit_5.6.0.201912101111-r.jar:5.6.0.201912101111-r]
	at org.eclipse.jgit.storage.file.FileBasedConfig.save(FileBasedConfig.java:252) ~[org.eclipse.jgit_5.6.0.201912101111-r.jar:5.6.0.201912101111-r]
	at org.eclipse.jgit.util.FS$FileStoreAttributes.saveToConfig(FS.java:586) [org.eclipse.jgit_5.6.0.201912101111-r.jar:5.6.0.201912101111-r]
	at org.eclipse.jgit.util.FS$FileStoreAttributes.lambda$0(FS.java:367) [org.eclipse.jgit_5.6.0.201912101111-r.jar:5.6.0.201912101111-r]
	at java.util.concurrent.CompletableFuture$AsyncSupply.run(Unknown Source) ~[na:1.8.0_221]
	at java.util.concurrent.CompletableFuture$AsyncSupply.exec(Unknown Source) ~[na:1.8.0_221]
	at java.util.concurrent.ForkJoinTask.doExec(Unknown Source) ~[na:1.8.0_221]
	at java.util.concurrent.ForkJoinPool$WorkQueue.runTask(Unknown Source) ~[na:1.8.0_221]
	at java.util.concurrent.ForkJoinPool.runWorker(Unknown Source) ~[na:1.8.0_221]
	at java.util.concurrent.ForkJoinWorkerThread.run(Unknown Source) ~[na:1.8.0_221]
2020-01-27 17:18:17,301 [Worker-5: Loading available Gradle versions] INFO  o.e.b.c.i.u.g.PublishedGradleVersions - Gradle version information cache is out-of-date. Trying to update.
2020-01-27 17:18:18,182 [Worker-1: Decoration Calculation] ERROR org.eclipse.jgit.util.SystemReader - Creating XDG_CONFIG_HOME directory Z:\.config failed
java.nio.file.FileSystemException: Z:\.config: Unable to determine if root directory exists
	at java.nio.file.Files.createDirectories(Unknown Source) ~[na:1.8.0_221]
	at org.eclipse.jgit.util.SystemReader$Default.getXDGConfigHome(SystemReader.java:153) [org.eclipse.jgit_5.6.0.201912101111-r.jar:5.6.0.201912101111-r]
	at org.eclipse.jgit.util.SystemReader$Default.openJGitConfig(SystemReader.java:164) [org.eclipse.jgit_5.6.0.201912101111-r.jar:5.6.0.201912101111-r]
	at org.eclipse.jgit.util.SystemReader.getJGitConfig(SystemReader.java:381) [org.eclipse.jgit_5.6.0.201912101111-r.jar:5.6.0.201912101111-r]
	at org.eclipse.jgit.util.SystemReader.getSystemConfig(SystemReader.java:406) [org.eclipse.jgit_5.6.0.201912101111-r.jar:5.6.0.201912101111-r]
	at org.eclipse.jgit.util.SystemReader.getUserConfig(SystemReader.java:354) [org.eclipse.jgit_5.6.0.201912101111-r.jar:5.6.0.201912101111-r]
	at org.eclipse.egit.core.Activator$EclipseSystemReader.getUserConfig(Activator.java:1177) [org.eclipse.egit.core_5.6.0.201912101111-r.jar:na]
	at org.eclipse.jgit.internal.storage.file.FileRepository.<init>(FileRepository.java:191) [org.eclipse.jgit_5.6.0.201912101111-r.jar:5.6.0.201912101111-r]
	at org.eclipse.egit.core.CachingRepository.<init>(CachingRepository.java:40) [org.eclipse.egit.core_5.6.0.201912101111-r.jar:na]
	at org.eclipse.egit.core.RepositoryCache$Builder.createRepository(RepositoryCache.java:211) [org.eclipse.egit.core_5.6.0.201912101111-r.jar:na]
	at org.eclipse.egit.core.RepositoryCache.lookupRepository(RepositoryCache.java:142) [org.eclipse.egit.core_5.6.0.201912101111-r.jar:na]
	at org.eclipse.egit.core.project.GitProjectData.map(GitProjectData.java:692) [org.eclipse.egit.core_5.6.0.201912101111-r.jar:na]
	at org.eclipse.egit.core.project.GitProjectData.remapAll(GitProjectData.java:650) [org.eclipse.egit.core_5.6.0.201912101111-r.jar:na]
	at org.eclipse.egit.core.project.GitProjectData.load(GitProjectData.java:633) [org.eclipse.egit.core_5.6.0.201912101111-r.jar:na]
	at org.eclipse.egit.core.project.GitProjectData.get(GitProjectData.java:219) [org.eclipse.egit.core_5.6.0.201912101111-r.jar:na]
	at org.eclipse.egit.core.project.RepositoryMapping.getProjectData(RepositoryMapping.java:335) [org.eclipse.egit.core_5.6.0.201912101111-r.jar:na]
	at org.eclipse.egit.core.project.RepositoryMapping.findMapping(RepositoryMapping.java:356) [org.eclipse.egit.core_5.6.0.201912101111-r.jar:na]
	at org.eclipse.egit.core.project.RepositoryMapping.getMapping(RepositoryMapping.java:296) [org.eclipse.egit.core_5.6.0.201912101111-r.jar:na]
	at org.eclipse.egit.core.internal.util.ResourceUtil.getRepository(ResourceUtil.java:709) [org.eclipse.egit.core_5.6.0.201912101111-r.jar:na]
	at org.eclipse.egit.ui.internal.resources.ResourceStateFactory.getIndexDiffDataOrNull(ResourceStateFactory.java:103) [org.eclipse.egit.ui_5.6.0.201912101111-r.jar:na]
	at org.eclipse.egit.ui.internal.decorators.GitLightweightDecorator.decorateResource(GitLightweightDecorator.java:223) [org.eclipse.egit.ui_5.6.0.201912101111-r.jar:na]
	at org.eclipse.egit.ui.internal.decorators.GitLightweightDecorator.decorate(GitLightweightDecorator.java:201) [org.eclipse.egit.ui_5.6.0.201912101111-r.jar:na]
	at org.eclipse.ui.internal.decorators.LightweightDecoratorDefinition.decorate(LightweightDecoratorDefinition.java:247) [org.eclipse.ui.workbench_3.117.0.v20191126-1131.jar:na]
	at org.eclipse.ui.internal.decorators.LightweightDecoratorManager$LightweightRunnable.run(LightweightDecoratorManager.java:105) [org.eclipse.ui.workbench_3.117.0.v20191126-1131.jar:na]
	at org.eclipse.core.runtime.SafeRunner.run(SafeRunner.java:45) [org.eclipse.equinox.common_3.10.600.v20191004-1420.jar:na]
	at org.eclipse.ui.internal.decorators.LightweightDecoratorManager.decorate(LightweightDecoratorManager.java:360) [org.eclipse.ui.workbench_3.117.0.v20191126-1131.jar:na]
	at org.eclipse.ui.internal.decorators.LightweightDecoratorManager.getDecorations(LightweightDecoratorManager.java:346) [org.eclipse.ui.workbench_3.117.0.v20191126-1131.jar:na]
	at org.eclipse.ui.internal.decorators.DecorationScheduler$1.ensureResultCached(DecorationScheduler.java:386) [org.eclipse.ui.workbench_3.117.0.v20191126-1131.jar:na]
	at org.eclipse.ui.internal.decorators.DecorationScheduler$1.run(DecorationScheduler.java:362) [org.eclipse.ui.workbench_3.117.0.v20191126-1131.jar:na]
	at org.eclipse.core.internal.jobs.Worker.run(Worker.java:63) [org.eclipse.core.jobs_3.10.600.v20191122-2104.jar:na]
2020-01-27 17:18:21,506 [ForkJoinPool.commonPool-worker-1] ERROR org.eclipse.jgit.util.FS - Cannot save config file 'FileBasedConfig[Z:\.jgitconfig]'
java.io.IOException: Creating directories for Z:\ failed
	at org.eclipse.jgit.util.FileUtils.mkdirs(FileUtils.java:428) ~[org.eclipse.jgit_5.6.0.201912101111-r.jar:5.6.0.201912101111-r]
	at org.eclipse.jgit.internal.storage.file.LockFile.lock(LockFile.java:163) ~[org.eclipse.jgit_5.6.0.201912101111-r.jar:5.6.0.201912101111-r]
	at org.eclipse.jgit.storage.file.FileBasedConfig.save(FileBasedConfig.java:252) ~[org.eclipse.jgit_5.6.0.201912101111-r.jar:5.6.0.201912101111-r]
	at org.eclipse.jgit.util.FS$FileStoreAttributes.saveToConfig(FS.java:586) [org.eclipse.jgit_5.6.0.201912101111-r.jar:5.6.0.201912101111-r]
	at org.eclipse.jgit.util.FS$FileStoreAttributes.lambda$0(FS.java:367) [org.eclipse.jgit_5.6.0.201912101111-r.jar:5.6.0.201912101111-r]
	at java.util.concurrent.CompletableFuture$AsyncSupply.run(Unknown Source) ~[na:1.8.0_221]
	at java.util.concurrent.CompletableFuture$AsyncSupply.exec(Unknown Source) ~[na:1.8.0_221]
	at java.util.concurrent.ForkJoinTask.doExec(Unknown Source) ~[na:1.8.0_221]
	at java.util.concurrent.ForkJoinPool$WorkQueue.runTask(Unknown Source) ~[na:1.8.0_221]
	at java.util.concurrent.ForkJoinPool.runWorker(Unknown Source) ~[na:1.8.0_221]
	at java.util.concurrent.ForkJoinWorkerThread.run(Unknown Source) ~[na:1.8.0_221]
2020-02-08 17:33:46,019 [Worker-7: Loading available Gradle versions] INFO  o.e.b.c.i.u.g.PublishedGradleVersions - Gradle version information cache is out-of-date. Trying to update.
2020-02-08 17:33:47,214 [Worker-3: Decoration Calculation] ERROR org.eclipse.jgit.util.SystemReader - Creating XDG_CONFIG_HOME directory Z:\.config failed
java.nio.file.FileSystemException: Z:\: The filename, directory name, or volume label syntax is incorrect.

	at sun.nio.fs.WindowsException.translateToIOException(Unknown Source) ~[na:1.8.0_221]
	at sun.nio.fs.WindowsException.rethrowAsIOException(Unknown Source) ~[na:1.8.0_221]
	at sun.nio.fs.WindowsException.rethrowAsIOException(Unknown Source) ~[na:1.8.0_221]
	at sun.nio.fs.WindowsFileSystemProvider.checkReadAccess(Unknown Source) ~[na:1.8.0_221]
	at sun.nio.fs.WindowsFileSystemProvider.checkAccess(Unknown Source) ~[na:1.8.0_221]
	at java.nio.file.Files.createDirectories(Unknown Source) ~[na:1.8.0_221]
	at org.eclipse.jgit.util.SystemReader$Default.getXDGConfigHome(SystemReader.java:153) [org.eclipse.jgit_5.6.0.201912101111-r.jar:5.6.0.201912101111-r]
	at org.eclipse.jgit.util.SystemReader$Default.openJGitConfig(SystemReader.java:164) [org.eclipse.jgit_5.6.0.201912101111-r.jar:5.6.0.201912101111-r]
	at org.eclipse.jgit.util.SystemReader.getJGitConfig(SystemReader.java:381) [org.eclipse.jgit_5.6.0.201912101111-r.jar:5.6.0.201912101111-r]
	at org.eclipse.jgit.util.SystemReader.getSystemConfig(SystemReader.java:406) [org.eclipse.jgit_5.6.0.201912101111-r.jar:5.6.0.201912101111-r]
	at org.eclipse.jgit.util.SystemReader.getUserConfig(SystemReader.java:354) [org.eclipse.jgit_5.6.0.201912101111-r.jar:5.6.0.201912101111-r]
	at org.eclipse.egit.core.Activator$EclipseSystemReader.getUserConfig(Activator.java:1177) [org.eclipse.egit.core_5.6.0.201912101111-r.jar:na]
	at org.eclipse.jgit.internal.storage.file.FileRepository.<init>(FileRepository.java:191) [org.eclipse.jgit_5.6.0.201912101111-r.jar:5.6.0.201912101111-r]
	at org.eclipse.egit.core.CachingRepository.<init>(CachingRepository.java:40) [org.eclipse.egit.core_5.6.0.201912101111-r.jar:na]
	at org.eclipse.egit.core.RepositoryCache$Builder.createRepository(RepositoryCache.java:211) [org.eclipse.egit.core_5.6.0.201912101111-r.jar:na]
	at org.eclipse.egit.core.RepositoryCache.lookupRepository(RepositoryCache.java:142) [org.eclipse.egit.core_5.6.0.201912101111-r.jar:na]
	at org.eclipse.egit.core.project.GitProjectData.map(GitProjectData.java:692) [org.eclipse.egit.core_5.6.0.201912101111-r.jar:na]
	at org.eclipse.egit.core.project.GitProjectData.remapAll(GitProjectData.java:650) [org.eclipse.egit.core_5.6.0.201912101111-r.jar:na]
	at org.eclipse.egit.core.project.GitProjectData.load(GitProjectData.java:633) [org.eclipse.egit.core_5.6.0.201912101111-r.jar:na]
	at org.eclipse.egit.core.project.GitProjectData.get(GitProjectData.java:219) [org.eclipse.egit.core_5.6.0.201912101111-r.jar:na]
	at org.eclipse.egit.core.project.RepositoryMapping.getProjectData(RepositoryMapping.java:335) [org.eclipse.egit.core_5.6.0.201912101111-r.jar:na]
	at org.eclipse.egit.core.project.RepositoryMapping.findMapping(RepositoryMapping.java:356) [org.eclipse.egit.core_5.6.0.201912101111-r.jar:na]
	at org.eclipse.egit.core.project.RepositoryMapping.getMapping(RepositoryMapping.java:296) [org.eclipse.egit.core_5.6.0.201912101111-r.jar:na]
	at org.eclipse.egit.core.internal.util.ResourceUtil.getRepository(ResourceUtil.java:709) [org.eclipse.egit.core_5.6.0.201912101111-r.jar:na]
	at org.eclipse.egit.ui.internal.resources.ResourceStateFactory.getIndexDiffDataOrNull(ResourceStateFactory.java:103) [org.eclipse.egit.ui_5.6.0.201912101111-r.jar:na]
	at org.eclipse.egit.ui.internal.decorators.GitLightweightDecorator.decorateResource(GitLightweightDecorator.java:223) [org.eclipse.egit.ui_5.6.0.201912101111-r.jar:na]
	at org.eclipse.egit.ui.internal.decorators.GitLightweightDecorator.decorate(GitLightweightDecorator.java:201) [org.eclipse.egit.ui_5.6.0.201912101111-r.jar:na]
	at org.eclipse.ui.internal.decorators.LightweightDecoratorDefinition.decorate(LightweightDecoratorDefinition.java:247) [org.eclipse.ui.workbench_3.117.0.v20191126-1131.jar:na]
	at org.eclipse.ui.internal.decorators.LightweightDecoratorManager$LightweightRunnable.run(LightweightDecoratorManager.java:105) [org.eclipse.ui.workbench_3.117.0.v20191126-1131.jar:na]
	at org.eclipse.core.runtime.SafeRunner.run(SafeRunner.java:45) [org.eclipse.equinox.common_3.10.600.v20191004-1420.jar:na]
	at org.eclipse.ui.internal.decorators.LightweightDecoratorManager.decorate(LightweightDecoratorManager.java:360) [org.eclipse.ui.workbench_3.117.0.v20191126-1131.jar:na]
	at org.eclipse.ui.internal.decorators.LightweightDecoratorManager.getDecorations(LightweightDecoratorManager.java:346) [org.eclipse.ui.workbench_3.117.0.v20191126-1131.jar:na]
	at org.eclipse.ui.internal.decorators.DecorationScheduler$1.ensureResultCached(DecorationScheduler.java:386) [org.eclipse.ui.workbench_3.117.0.v20191126-1131.jar:na]
	at org.eclipse.ui.internal.decorators.DecorationScheduler$1.run(DecorationScheduler.java:362) [org.eclipse.ui.workbench_3.117.0.v20191126-1131.jar:na]
	at org.eclipse.core.internal.jobs.Worker.run(Worker.java:63) [org.eclipse.core.jobs_3.10.600.v20191122-2104.jar:na]
2020-02-08 17:33:50,674 [ForkJoinPool.commonPool-worker-1] ERROR org.eclipse.jgit.util.FS - Cannot save config file 'FileBasedConfig[Z:\.jgitconfig]'
java.io.IOException: Creating directories for Z:\ failed
	at org.eclipse.jgit.util.FileUtils.mkdirs(FileUtils.java:428) ~[org.eclipse.jgit_5.6.0.201912101111-r.jar:5.6.0.201912101111-r]
	at org.eclipse.jgit.internal.storage.file.LockFile.lock(LockFile.java:163) ~[org.eclipse.jgit_5.6.0.201912101111-r.jar:5.6.0.201912101111-r]
	at org.eclipse.jgit.storage.file.FileBasedConfig.save(FileBasedConfig.java:252) ~[org.eclipse.jgit_5.6.0.201912101111-r.jar:5.6.0.201912101111-r]
	at org.eclipse.jgit.util.FS$FileStoreAttributes.saveToConfig(FS.java:586) [org.eclipse.jgit_5.6.0.201912101111-r.jar:5.6.0.201912101111-r]
	at org.eclipse.jgit.util.FS$FileStoreAttributes.lambda$0(FS.java:367) [org.eclipse.jgit_5.6.0.201912101111-r.jar:5.6.0.201912101111-r]
	at java.util.concurrent.CompletableFuture$AsyncSupply.run(Unknown Source) ~[na:1.8.0_221]
	at java.util.concurrent.CompletableFuture$AsyncSupply.exec(Unknown Source) ~[na:1.8.0_221]
	at java.util.concurrent.ForkJoinTask.doExec(Unknown Source) ~[na:1.8.0_221]
	at java.util.concurrent.ForkJoinPool$WorkQueue.runTask(Unknown Source) ~[na:1.8.0_221]
	at java.util.concurrent.ForkJoinPool.runWorker(Unknown Source) ~[na:1.8.0_221]
	at java.util.concurrent.ForkJoinWorkerThread.run(Unknown Source) ~[na:1.8.0_221]
2020-03-04 12:49:39,371 [Worker-3: Loading available Gradle versions] INFO  o.e.b.c.i.u.g.PublishedGradleVersions - Gradle version information cache is out-of-date. Trying to update.
2020-03-04 12:49:40,204 [Worker-7: Decoration Calculation] ERROR org.eclipse.jgit.util.SystemReader - Creating XDG_CONFIG_HOME directory Z:\.config failed
java.nio.file.FileSystemException: Z:\.config: Unable to determine if root directory exists
	at java.nio.file.Files.createDirectories(Unknown Source) ~[na:1.8.0_221]
	at org.eclipse.jgit.util.SystemReader$Default.getXDGConfigHome(SystemReader.java:153) [org.eclipse.jgit_5.6.0.201912101111-r.jar:5.6.0.201912101111-r]
	at org.eclipse.jgit.util.SystemReader$Default.openJGitConfig(SystemReader.java:164) [org.eclipse.jgit_5.6.0.201912101111-r.jar:5.6.0.201912101111-r]
	at org.eclipse.jgit.util.SystemReader.getJGitConfig(SystemReader.java:381) [org.eclipse.jgit_5.6.0.201912101111-r.jar:5.6.0.201912101111-r]
	at org.eclipse.jgit.util.SystemReader.getSystemConfig(SystemReader.java:406) [org.eclipse.jgit_5.6.0.201912101111-r.jar:5.6.0.201912101111-r]
	at org.eclipse.jgit.util.SystemReader.getUserConfig(SystemReader.java:354) [org.eclipse.jgit_5.6.0.201912101111-r.jar:5.6.0.201912101111-r]
	at org.eclipse.egit.core.Activator$EclipseSystemReader.getUserConfig(Activator.java:1177) [org.eclipse.egit.core_5.6.0.201912101111-r.jar:na]
	at org.eclipse.jgit.internal.storage.file.FileRepository.<init>(FileRepository.java:191) [org.eclipse.jgit_5.6.0.201912101111-r.jar:5.6.0.201912101111-r]
	at org.eclipse.egit.core.CachingRepository.<init>(CachingRepository.java:40) [org.eclipse.egit.core_5.6.0.201912101111-r.jar:na]
	at org.eclipse.egit.core.RepositoryCache$Builder.createRepository(RepositoryCache.java:211) [org.eclipse.egit.core_5.6.0.201912101111-r.jar:na]
	at org.eclipse.egit.core.RepositoryCache.lookupRepository(RepositoryCache.java:142) [org.eclipse.egit.core_5.6.0.201912101111-r.jar:na]
	at org.eclipse.egit.core.project.GitProjectData.map(GitProjectData.java:692) [org.eclipse.egit.core_5.6.0.201912101111-r.jar:na]
	at org.eclipse.egit.core.project.GitProjectData.remapAll(GitProjectData.java:650) [org.eclipse.egit.core_5.6.0.201912101111-r.jar:na]
	at org.eclipse.egit.core.project.GitProjectData.load(GitProjectData.java:633) [org.eclipse.egit.core_5.6.0.201912101111-r.jar:na]
	at org.eclipse.egit.core.project.GitProjectData.get(GitProjectData.java:219) [org.eclipse.egit.core_5.6.0.201912101111-r.jar:na]
	at org.eclipse.egit.core.project.RepositoryMapping.getProjectData(RepositoryMapping.java:335) [org.eclipse.egit.core_5.6.0.201912101111-r.jar:na]
	at org.eclipse.egit.core.project.RepositoryMapping.findMapping(RepositoryMapping.java:356) [org.eclipse.egit.core_5.6.0.201912101111-r.jar:na]
	at org.eclipse.egit.core.project.RepositoryMapping.getMapping(RepositoryMapping.java:296) [org.eclipse.egit.core_5.6.0.201912101111-r.jar:na]
	at org.eclipse.egit.core.internal.util.ResourceUtil.getRepository(ResourceUtil.java:709) [org.eclipse.egit.core_5.6.0.201912101111-r.jar:na]
	at org.eclipse.egit.ui.internal.resources.ResourceStateFactory.getIndexDiffDataOrNull(ResourceStateFactory.java:103) [org.eclipse.egit.ui_5.6.0.201912101111-r.jar:na]
	at org.eclipse.egit.ui.internal.decorators.GitLightweightDecorator.decorateResource(GitLightweightDecorator.java:223) [org.eclipse.egit.ui_5.6.0.201912101111-r.jar:na]
	at org.eclipse.egit.ui.internal.decorators.GitLightweightDecorator.decorate(GitLightweightDecorator.java:201) [org.eclipse.egit.ui_5.6.0.201912101111-r.jar:na]
	at org.eclipse.ui.internal.decorators.LightweightDecoratorDefinition.decorate(LightweightDecoratorDefinition.java:247) [org.eclipse.ui.workbench_3.117.0.v20191126-1131.jar:na]
	at org.eclipse.ui.internal.decorators.LightweightDecoratorManager$LightweightRunnable.run(LightweightDecoratorManager.java:105) [org.eclipse.ui.workbench_3.117.0.v20191126-1131.jar:na]
	at org.eclipse.core.runtime.SafeRunner.run(SafeRunner.java:45) [org.eclipse.equinox.common_3.10.600.v20191004-1420.jar:na]
	at org.eclipse.ui.internal.decorators.LightweightDecoratorManager.decorate(LightweightDecoratorManager.java:360) [org.eclipse.ui.workbench_3.117.0.v20191126-1131.jar:na]
	at org.eclipse.ui.internal.decorators.LightweightDecoratorManager.getDecorations(LightweightDecoratorManager.java:346) [org.eclipse.ui.workbench_3.117.0.v20191126-1131.jar:na]
	at org.eclipse.ui.internal.decorators.DecorationScheduler$1.ensureResultCached(DecorationScheduler.java:386) [org.eclipse.ui.workbench_3.117.0.v20191126-1131.jar:na]
	at org.eclipse.ui.internal.decorators.DecorationScheduler$1.run(DecorationScheduler.java:362) [org.eclipse.ui.workbench_3.117.0.v20191126-1131.jar:na]
	at org.eclipse.core.internal.jobs.Worker.run(Worker.java:63) [org.eclipse.core.jobs_3.10.600.v20191122-2104.jar:na]
2020-03-04 12:49:43,528 [ForkJoinPool.commonPool-worker-1] ERROR org.eclipse.jgit.util.FS - Cannot save config file 'FileBasedConfig[Z:\.jgitconfig]'
java.io.IOException: Creating directories for Z:\ failed
	at org.eclipse.jgit.util.FileUtils.mkdirs(FileUtils.java:428) ~[org.eclipse.jgit_5.6.0.201912101111-r.jar:5.6.0.201912101111-r]
	at org.eclipse.jgit.internal.storage.file.LockFile.lock(LockFile.java:163) ~[org.eclipse.jgit_5.6.0.201912101111-r.jar:5.6.0.201912101111-r]
	at org.eclipse.jgit.storage.file.FileBasedConfig.save(FileBasedConfig.java:252) ~[org.eclipse.jgit_5.6.0.201912101111-r.jar:5.6.0.201912101111-r]
	at org.eclipse.jgit.util.FS$FileStoreAttributes.saveToConfig(FS.java:586) [org.eclipse.jgit_5.6.0.201912101111-r.jar:5.6.0.201912101111-r]
	at org.eclipse.jgit.util.FS$FileStoreAttributes.lambda$0(FS.java:367) [org.eclipse.jgit_5.6.0.201912101111-r.jar:5.6.0.201912101111-r]
	at java.util.concurrent.CompletableFuture$AsyncSupply.run(Unknown Source) ~[na:1.8.0_221]
	at java.util.concurrent.CompletableFuture$AsyncSupply.exec(Unknown Source) ~[na:1.8.0_221]
	at java.util.concurrent.ForkJoinTask.doExec(Unknown Source) ~[na:1.8.0_221]
	at java.util.concurrent.ForkJoinPool$WorkQueue.runTask(Unknown Source) ~[na:1.8.0_221]
	at java.util.concurrent.ForkJoinPool.runWorker(Unknown Source) ~[na:1.8.0_221]
	at java.util.concurrent.ForkJoinWorkerThread.run(Unknown Source) ~[na:1.8.0_221]
